TN:
SF:src/modules/appointments/services/CreateAppointmentService.ts
FN:1,(empty-report)
FNF:1
FNH:0
FNDA:0,(empty-report)
DA:1,0
DA:2,0
DA:3,0
DA:4,0
DA:5,0
DA:6,0
DA:7,0
DA:8,0
DA:9,0
DA:10,0
DA:11,0
DA:12,0
DA:13,0
DA:14,0
DA:15,0
DA:16,0
DA:17,0
DA:18,0
DA:19,0
DA:20,0
DA:21,0
DA:22,0
DA:23,0
DA:24,0
DA:25,0
DA:26,0
DA:27,0
DA:28,0
DA:29,0
DA:30,0
DA:31,0
DA:32,0
DA:33,0
DA:34,0
DA:35,0
DA:36,0
DA:37,0
DA:38,0
DA:39,0
DA:40,0
DA:41,0
DA:42,0
DA:43,0
DA:44,0
DA:45,0
DA:46,0
DA:47,0
DA:48,0
DA:49,0
DA:50,0
DA:51,0
DA:52,0
DA:53,0
DA:54,0
DA:55,0
DA:56,0
DA:57,0
DA:58,0
DA:59,0
DA:60,0
DA:61,0
DA:62,0
DA:63,0
DA:64,0
DA:65,0
DA:66,0
DA:67,0
DA:68,0
DA:69,0
DA:70,0
DA:71,0
DA:72,0
DA:73,0
DA:74,0
DA:75,0
DA:76,0
DA:77,0
DA:78,0
DA:79,0
DA:80,0
DA:81,0
DA:82,0
DA:83,0
DA:84,0
DA:85,0
DA:86,0
DA:87,0
DA:88,0
LF:88
LH:0
BRDA:1,0,0,0
BRF:1
BRH:0
end_of_record
TN:
SF:src/modules/appointments/services/ListProviderAppointmentsService.ts
FN:53,__decorate
FN:53,__metadata
FN:53,__param
FN:53,__awaiter
FN:53,adopt
FN:53,fulfilled
FN:53,rejected
FN:53,step
FN:53,__generator
FN:53,sent
FN:53,g.<computed>
FN:53,verb
FN:53,step
FN:16,ListProviderAppointmentsService
FN:24,ListProviderAppointmentsService.execute
FNF:15
FNH:13
FNDA:1,__decorate
FNDA:1,__metadata
FNDA:2,__param
FNDA:1,__awaiter
FNDA:3,adopt
FNDA:3,fulfilled
FNDA:0,rejected
FNDA:4,step
FNDA:1,__generator
FNDA:3,sent
FNDA:0,g.<computed>
FNDA:3,verb
FNDA:4,step
FNDA:1,ListProviderAppointmentsService
FNDA:1,ListProviderAppointmentsService.execute
DA:1,1
DA:2,1
DA:3,1
DA:4,1
DA:5,1
DA:6,1
DA:7,1
DA:8,1
DA:9,1
DA:10,1
DA:11,1
DA:12,1
DA:13,1
DA:14,1
DA:15,1
DA:16,1
DA:17,1
DA:18,1
DA:19,1
DA:20,1
DA:21,1
DA:22,1
DA:23,1
DA:24,1
DA:25,1
DA:26,1
DA:27,1
DA:28,1
DA:29,1
DA:30,1
DA:31,1
DA:32,1
DA:33,1
DA:34,1
DA:35,1
DA:36,1
DA:37,1
DA:38,1
DA:39,1
DA:40,1
DA:41,1
DA:42,1
DA:43,1
DA:44,1
DA:45,1
DA:46,1
DA:47,1
DA:48,1
DA:49,1
DA:50,1
DA:51,1
DA:52,1
DA:53,1
LF:53
LH:53
BRDA:53,0,0,1
BRDA:53,1,0,1
BRDA:53,2,0,0
BRDA:53,3,0,0
BRDA:53,4,0,0
BRDA:53,5,0,0
BRDA:53,6,0,1
BRDA:53,7,0,2
BRDA:53,8,0,2
BRDA:53,9,0,1
BRDA:53,10,0,3
BRDA:53,11,0,0
BRDA:53,12,0,1
BRDA:53,13,0,3
BRDA:53,14,0,0
BRDA:53,15,0,4
BRDA:53,16,0,1
BRDA:53,17,0,3
BRDA:53,18,0,1
BRDA:53,19,0,3
BRDA:53,20,0,0
BRDA:53,21,0,3
BRDA:53,22,0,4
BRDA:53,23,0,4
BRDA:53,24,0,0
BRDA:53,25,0,8
BRDA:53,26,0,0
BRDA:53,27,0,0
BRDA:53,28,0,0
BRDA:53,29,0,0
BRDA:53,30,0,4
BRDA:53,31,0,4
BRDA:53,32,0,3
BRDA:53,33,0,0
BRDA:53,34,0,0
BRDA:53,35,0,1
BRDA:53,36,0,0
BRDA:53,37,0,0
BRDA:53,38,0,0
BRDA:53,39,0,0
BRDA:53,40,0,0
BRDA:53,41,0,4
BRDA:53,42,0,0
BRDA:53,43,0,4
BRDA:53,44,0,1
BRDA:53,45,0,0
BRDA:53,46,0,1
BRDA:53,47,0,0
BRDA:15,48,0,1
BRDA:16,49,0,1
BRDA:24,50,0,1
BRDA:53,51,0,1
BRDA:53,52,0,4
BRDA:53,53,0,1
BRDA:53,54,0,1
BRDA:36,55,0,0
BRDA:53,56,0,1
BRDA:53,57,0,1
BRDA:49,58,0,1
BRF:59
BRH:36
end_of_record
TN:
SF:src/modules/appointments/services/ListProviderDayAvailabilityService.ts
FN:66,__decorate
FN:66,__metadata
FN:66,__param
FN:66,__awaiter
FN:66,adopt
FN:66,fulfilled
FN:66,rejected
FN:66,step
FN:66,__generator
FN:66,sent
FN:66,g.<computed>
FN:66,verb
FN:66,step
FN:21,ListProvidersDayAvailabilityService
FN:26,ListProvidersDayAvailabilityService.execute
FNF:15
FNH:13
FNDA:1,__decorate
FNDA:1,__metadata
FNDA:1,__param
FNDA:1,__awaiter
FNDA:1,adopt
FNDA:1,fulfilled
FNDA:0,rejected
FNDA:2,step
FNDA:1,__generator
FNDA:1,sent
FNDA:0,g.<computed>
FNDA:3,verb
FNDA:2,step
FNDA:1,ListProvidersDayAvailabilityService
FNDA:1,ListProvidersDayAvailabilityService.execute
DA:1,1
DA:2,1
DA:3,1
DA:4,1
DA:5,1
DA:6,1
DA:7,1
DA:8,1
DA:9,1
DA:10,1
DA:11,1
DA:12,1
DA:13,1
DA:14,1
DA:15,1
DA:16,1
DA:17,1
DA:18,1
DA:19,1
DA:20,1
DA:21,1
DA:22,1
DA:23,1
DA:24,1
DA:25,1
DA:26,1
DA:27,1
DA:28,1
DA:29,1
DA:30,1
DA:31,1
DA:32,1
DA:33,1
DA:34,1
DA:35,1
DA:36,1
DA:37,1
DA:38,1
DA:39,1
DA:40,1
DA:41,1
DA:42,1
DA:43,1
DA:44,1
DA:45,1
DA:46,1
DA:47,1
DA:48,1
DA:49,1
DA:50,1
DA:51,10
DA:52,10
DA:53,10
DA:54,10
DA:55,10
DA:56,10
DA:57,10
DA:58,10
DA:59,10
DA:60,10
DA:61,1
DA:62,1
DA:63,1
DA:64,1
DA:65,1
DA:66,1
LF:66
LH:66
BRDA:66,0,0,1
BRDA:66,1,0,1
BRDA:66,2,0,0
BRDA:66,3,0,0
BRDA:66,4,0,0
BRDA:66,5,0,0
BRDA:66,6,0,1
BRDA:66,7,0,1
BRDA:66,8,0,1
BRDA:66,9,0,1
BRDA:66,10,0,1
BRDA:66,11,0,0
BRDA:66,12,0,1
BRDA:66,13,0,1
BRDA:66,14,0,0
BRDA:66,15,0,2
BRDA:66,16,0,1
BRDA:66,17,0,1
BRDA:66,18,0,1
BRDA:66,19,0,1
BRDA:66,20,0,0
BRDA:66,21,0,3
BRDA:66,22,0,2
BRDA:66,23,0,2
BRDA:66,24,0,0
BRDA:66,25,0,4
BRDA:66,26,0,0
BRDA:66,27,0,0
BRDA:66,28,0,0
BRDA:66,29,0,0
BRDA:66,30,0,2
BRDA:66,31,0,2
BRDA:66,32,0,1
BRDA:66,33,0,0
BRDA:66,34,0,0
BRDA:66,35,0,1
BRDA:66,36,0,0
BRDA:66,37,0,0
BRDA:66,38,0,0
BRDA:66,39,0,0
BRDA:66,40,0,0
BRDA:66,41,0,2
BRDA:66,42,0,0
BRDA:66,43,0,2
BRDA:66,44,0,1
BRDA:66,45,0,0
BRDA:66,46,0,1
BRDA:66,47,0,0
BRDA:20,48,0,1
BRDA:21,49,0,1
BRDA:26,50,0,1
BRDA:66,51,0,1
BRDA:66,52,0,2
BRDA:32,53,0,1
BRDA:66,54,0,1
BRDA:45,55,0,10
BRDA:50,56,0,10
BRDA:59,57,0,6
BRDA:52,58,0,34
BRF:59
BRH:37
end_of_record
TN:
SF:src/modules/appointments/services/ListProviderMonthAvailabilityService.ts
FN:59,__decorate
FN:59,__metadata
FN:59,__param
FN:59,__awaiter
FN:59,adopt
FN:59,fulfilled
FN:59,rejected
FN:59,step
FN:59,__generator
FN:59,sent
FN:59,g.<computed>
FN:59,verb
FN:59,step
FN:20,ListProvidersMonthAvailabilityService
FN:25,ListProvidersMonthAvailabilityService.execute
FNF:15
FNH:13
FNDA:1,__decorate
FNDA:1,__metadata
FNDA:1,__param
FNDA:1,__awaiter
FNDA:1,adopt
FNDA:1,fulfilled
FNDA:0,rejected
FNDA:2,step
FNDA:1,__generator
FNDA:1,sent
FNDA:0,g.<computed>
FNDA:3,verb
FNDA:2,step
FNDA:1,ListProvidersMonthAvailabilityService
FNDA:1,ListProvidersMonthAvailabilityService.execute
DA:1,1
DA:2,1
DA:3,1
DA:4,1
DA:5,1
DA:6,1
DA:7,1
DA:8,1
DA:9,1
DA:10,1
DA:11,1
DA:12,1
DA:13,1
DA:14,1
DA:15,1
DA:16,1
DA:17,1
DA:18,1
DA:19,1
DA:20,1
DA:21,1
DA:22,1
DA:23,1
DA:24,1
DA:25,1
DA:26,1
DA:27,1
DA:28,1
DA:29,1
DA:30,1
DA:31,1
DA:32,1
DA:33,1
DA:34,1
DA:35,1
DA:36,1
DA:37,1
DA:38,1
DA:39,1
DA:40,1
DA:41,1
DA:42,1
DA:43,1
DA:44,1
DA:45,1
DA:46,31
DA:47,341
DA:48,31
DA:49,31
DA:50,31
DA:51,31
DA:52,31
DA:53,1
DA:54,1
DA:55,1
DA:56,1
DA:57,1
DA:58,1
DA:59,1
LF:59
LH:59
BRDA:59,0,0,1
BRDA:59,1,0,1
BRDA:59,2,0,0
BRDA:59,3,0,0
BRDA:59,4,0,0
BRDA:59,5,0,0
BRDA:59,6,0,1
BRDA:59,7,0,1
BRDA:59,8,0,1
BRDA:59,9,0,1
BRDA:59,10,0,1
BRDA:59,11,0,0
BRDA:59,12,0,1
BRDA:59,13,0,1
BRDA:59,14,0,0
BRDA:59,15,0,2
BRDA:59,16,0,1
BRDA:59,17,0,1
BRDA:59,18,0,1
BRDA:59,19,0,1
BRDA:59,20,0,0
BRDA:59,21,0,3
BRDA:59,22,0,2
BRDA:59,23,0,2
BRDA:59,24,0,0
BRDA:59,25,0,4
BRDA:59,26,0,0
BRDA:59,27,0,0
BRDA:59,28,0,0
BRDA:59,29,0,0
BRDA:59,30,0,2
BRDA:59,31,0,2
BRDA:59,32,0,1
BRDA:59,33,0,0
BRDA:59,34,0,0
BRDA:59,35,0,1
BRDA:59,36,0,0
BRDA:59,37,0,0
BRDA:59,38,0,0
BRDA:59,39,0,0
BRDA:59,40,0,0
BRDA:59,41,0,2
BRDA:59,42,0,0
BRDA:59,43,0,2
BRDA:59,44,0,1
BRDA:59,45,0,0
BRDA:59,46,0,1
BRDA:59,47,0,0
BRDA:19,48,0,1
BRDA:20,49,0,1
BRDA:25,50,0,1
BRDA:59,51,0,1
BRDA:59,52,0,2
BRDA:30,53,0,1
BRDA:59,54,0,1
BRDA:42,55,0,31
BRDA:45,56,0,31
BRDA:46,57,0,341
BRF:58
BRH:36
end_of_record
TN:
SF:src/modules/appointments/services/ListProvidersService.ts
FN:1,(empty-report)
FNF:1
FNH:0
FNDA:0,(empty-report)
DA:1,0
DA:2,0
DA:3,0
DA:4,0
DA:5,0
DA:6,0
DA:7,0
DA:8,0
DA:9,0
DA:10,0
DA:11,0
DA:12,0
DA:13,0
DA:14,0
DA:15,0
DA:16,0
DA:17,0
DA:18,0
DA:19,0
DA:20,0
DA:21,0
DA:22,0
DA:23,0
DA:24,0
DA:25,0
DA:26,0
DA:27,0
DA:28,0
DA:29,0
DA:30,0
DA:31,0
DA:32,0
DA:33,0
DA:34,0
DA:35,0
DA:36,0
DA:37,0
DA:38,0
DA:39,0
DA:40,0
LF:40
LH:0
BRDA:1,0,0,0
BRF:1
BRH:0
end_of_record
TN:
SF:src/modules/users/services/AuthenticateUserService.ts
FN:1,(empty-report)
FNF:1
FNH:0
FNDA:0,(empty-report)
DA:1,0
DA:2,0
DA:3,0
DA:4,0
DA:5,0
DA:6,0
DA:7,0
DA:8,0
DA:9,0
DA:10,0
DA:11,0
DA:12,0
DA:13,0
DA:14,0
DA:15,0
DA:16,0
DA:17,0
DA:18,0
DA:19,0
DA:20,0
DA:21,0
DA:22,0
DA:23,0
DA:24,0
DA:25,0
DA:26,0
DA:27,0
DA:28,0
DA:29,0
DA:30,0
DA:31,0
DA:32,0
DA:33,0
DA:34,0
DA:35,0
DA:36,0
DA:37,0
DA:38,0
DA:39,0
DA:40,0
DA:41,0
DA:42,0
DA:43,0
DA:44,0
DA:45,0
DA:46,0
DA:47,0
DA:48,0
DA:49,0
DA:50,0
DA:51,0
DA:52,0
DA:53,0
DA:54,0
DA:55,0
DA:56,0
DA:57,0
DA:58,0
LF:58
LH:0
BRDA:1,0,0,0
BRF:1
BRH:0
end_of_record
TN:
SF:src/modules/users/services/CreateUserService.ts
FN:1,(empty-report)
FNF:1
FNH:0
FNDA:0,(empty-report)
DA:1,0
DA:2,0
DA:3,0
DA:4,0
DA:5,0
DA:6,0
DA:7,0
DA:8,0
DA:9,0
DA:10,0
DA:11,0
DA:12,0
DA:13,0
DA:14,0
DA:15,0
DA:16,0
DA:17,0
DA:18,0
DA:19,0
DA:20,0
DA:21,0
DA:22,0
DA:23,0
DA:24,0
DA:25,0
DA:26,0
DA:27,0
DA:28,0
DA:29,0
DA:30,0
DA:31,0
DA:32,0
DA:33,0
DA:34,0
DA:35,0
DA:36,0
DA:37,0
DA:38,0
DA:39,0
DA:40,0
DA:41,0
DA:42,0
DA:43,0
DA:44,0
DA:45,0
DA:46,0
DA:47,0
DA:48,0
DA:49,0
DA:50,0
DA:51,0
DA:52,0
DA:53,0
LF:53
LH:0
BRDA:1,0,0,0
BRF:1
BRH:0
end_of_record
TN:
SF:src/modules/users/services/ResetPasswordService.ts
FN:1,(empty-report)
FNF:1
FNH:0
FNDA:0,(empty-report)
DA:1,0
DA:2,0
DA:3,0
DA:4,0
DA:5,0
DA:6,0
DA:7,0
DA:8,0
DA:9,0
DA:10,0
DA:11,0
DA:12,0
DA:13,0
DA:14,0
DA:15,0
DA:16,0
DA:17,0
DA:18,0
DA:19,0
DA:20,0
DA:21,0
DA:22,0
DA:23,0
DA:24,0
DA:25,0
DA:26,0
DA:27,0
DA:28,0
DA:29,0
DA:30,0
DA:31,0
DA:32,0
DA:33,0
DA:34,0
DA:35,0
DA:36,0
DA:37,0
DA:38,0
DA:39,0
DA:40,0
DA:41,0
DA:42,0
DA:43,0
DA:44,0
DA:45,0
DA:46,0
DA:47,0
DA:48,0
DA:49,0
DA:50,0
DA:51,0
DA:52,0
DA:53,0
DA:54,0
DA:55,0
DA:56,0
DA:57,0
DA:58,0
LF:58
LH:0
BRDA:1,0,0,0
BRF:1
BRH:0
end_of_record
TN:
SF:src/modules/users/services/SendForgotPasswordEmailService.ts
FN:1,(empty-report)
FNF:1
FNH:0
FNDA:0,(empty-report)
DA:1,0
DA:2,0
DA:3,0
DA:4,0
DA:5,0
DA:6,0
DA:7,0
DA:8,0
DA:9,0
DA:10,0
DA:11,0
DA:12,0
DA:13,0
DA:14,0
DA:15,0
DA:16,0
DA:17,0
DA:18,0
DA:19,0
DA:20,0
DA:21,0
DA:22,0
DA:23,0
DA:24,0
DA:25,0
DA:26,0
DA:27,0
DA:28,0
DA:29,0
DA:30,0
DA:31,0
DA:32,0
DA:33,0
DA:34,0
DA:35,0
DA:36,0
DA:37,0
DA:38,0
DA:39,0
DA:40,0
DA:41,0
DA:42,0
DA:43,0
DA:44,0
DA:45,0
DA:46,0
DA:47,0
DA:48,0
DA:49,0
DA:50,0
DA:51,0
DA:52,0
DA:53,0
DA:54,0
DA:55,0
DA:56,0
DA:57,0
DA:58,0
LF:58
LH:0
BRDA:1,0,0,0
BRF:1
BRH:0
end_of_record
TN:
SF:src/modules/users/services/ShowProfileService.ts
FN:1,(empty-report)
FNF:1
FNH:0
FNDA:0,(empty-report)
DA:1,0
DA:2,0
DA:3,0
DA:4,0
DA:5,0
DA:6,0
DA:7,0
DA:8,0
DA:9,0
DA:10,0
DA:11,0
DA:12,0
DA:13,0
DA:14,0
DA:15,0
DA:16,0
DA:17,0
DA:18,0
DA:19,0
DA:20,0
DA:21,0
DA:22,0
DA:23,0
DA:24,0
DA:25,0
DA:26,0
DA:27,0
DA:28,0
DA:29,0
DA:30,0
LF:30
LH:0
BRDA:1,0,0,0
BRF:1
BRH:0
end_of_record
TN:
SF:src/modules/users/services/UpdateProfileService.ts
FN:1,(empty-report)
FNF:1
FNH:0
FNDA:0,(empty-report)
DA:1,0
DA:2,0
DA:3,0
DA:4,0
DA:5,0
DA:6,0
DA:7,0
DA:8,0
DA:9,0
DA:10,0
DA:11,0
DA:12,0
DA:13,0
DA:14,0
DA:15,0
DA:16,0
DA:17,0
DA:18,0
DA:19,0
DA:20,0
DA:21,0
DA:22,0
DA:23,0
DA:24,0
DA:25,0
DA:26,0
DA:27,0
DA:28,0
DA:29,0
DA:30,0
DA:31,0
DA:32,0
DA:33,0
DA:34,0
DA:35,0
DA:36,0
DA:37,0
DA:38,0
DA:39,0
DA:40,0
DA:41,0
DA:42,0
DA:43,0
DA:44,0
DA:45,0
DA:46,0
DA:47,0
DA:48,0
DA:49,0
DA:50,0
DA:51,0
DA:52,0
DA:53,0
DA:54,0
DA:55,0
DA:56,0
DA:57,0
DA:58,0
DA:59,0
DA:60,0
DA:61,0
DA:62,0
DA:63,0
DA:64,0
DA:65,0
DA:66,0
DA:67,0
DA:68,0
DA:69,0
DA:70,0
DA:71,0
DA:72,0
DA:73,0
LF:73
LH:0
BRDA:1,0,0,0
BRF:1
BRH:0
end_of_record
TN:
SF:src/modules/users/services/UpdateUserAvatarService.ts
FN:1,(empty-report)
FNF:1
FNH:0
FNDA:0,(empty-report)
DA:1,0
DA:2,0
DA:3,0
DA:4,0
DA:5,0
DA:6,0
DA:7,0
DA:8,0
DA:9,0
DA:10,0
DA:11,0
DA:12,0
DA:13,0
DA:14,0
DA:15,0
DA:16,0
DA:17,0
DA:18,0
DA:19,0
DA:20,0
DA:21,0
DA:22,0
DA:23,0
DA:24,0
DA:25,0
DA:26,0
DA:27,0
DA:28,0
DA:29,0
DA:30,0
DA:31,0
DA:32,0
DA:33,0
DA:34,0
DA:35,0
DA:36,0
DA:37,0
DA:38,0
DA:39,0
DA:40,0
DA:41,0
DA:42,0
DA:43,0
DA:44,0
DA:45,0
DA:46,0
DA:47,0
DA:48,0
DA:49,0
DA:50,0
DA:51,0
DA:52,0
DA:53,0
DA:54,0
DA:55,0
DA:56,0
DA:57,0
DA:58,0
DA:59,0
DA:60,0
DA:61,0
LF:61
LH:0
BRDA:1,0,0,0
BRF:1
BRH:0
end_of_record
